2022-07-19 11:10:17,256 Namespace(cfg='/home/test/agh/mycode_528/experiments/ACDC/ERFnet_ACDC.yaml', local_rank=-1, opts=[], savedir='./losspic/', seed=304)
2022-07-19 11:10:17,256 AUTO_RESUME: False
CUDNN:
  BENCHMARK: True
  DETERMINISTIC: False
  ENABLED: True
DATASET:
  DATASET: ACDC
  EXTRA_TRAIN_SET: 
  MODEL: train
  NUM_CLASSES: 19
  ROOT: /home/test/agh/dataset/ACDC_night/
  TEST_SET: list/val.lst
  TRAIN: train
  TRAIN_SET: list/train.lst
  VAL: val
DEBUG:
  DEBUG: False
  SAVE_BATCH_IMAGES_GT: False
  SAVE_BATCH_IMAGES_PRED: False
  SAVE_HEATMAPS_GT: False
  SAVE_HEATMAPS_PRED: False
GPUS: (0,)
LOG_DIR: log
LOSS:
  BALANCE_WEIGHTS: [1]
  CLASS_BALANCE: False
  KD_FEATURE_LOSS_WEIGHTS: 5e-05
  KD_LOGIT_LOSS_WEIGHTS: 0.5
  OHEMKEEP: 131072
  OHEMTHRES: 0.9
  USE_OHEM: False
MODEL:
  ALIGN_CORNERS: False
  EXTRA:
    
  NAME: ERFNet
  NUM_OUTPUTS: 1
  OCR:
    DROPOUT: 0.05
    KEY_CHANNELS: 256
    MID_CHANNELS: 512
    SCALE: 1
  PRETRAINED: ../pretrained_models/erfnet_encoder_pretrained.pth.tar
OUTPUT_DIR: output
PIN_MEMORY: True
PRINT_FREQ: 10
RANK: 0
TEST:
  BASE_SIZE: 1920
  BATCH_SIZE_PER_GPU: 4
  FLIP_TEST: False
  IMAGE_SIZE: [1024, 512]
  MODEL_FILE: ../pretrained_models/ddrnet23s_citys_778.pth
  MULTI_SCALE: False
  NUM_SAMPLES: 0
  OUTPUT_INDEX: 0
  SCALE_LIST: [1]
TRAIN:
  BASE_SIZE: 1920
  BATCH_SIZE_PER_GPU: 10
  BEGIN_EPOCH: 0
  DISTILLATION: False
  DOWNSAMPLERATE: 1
  END_EPOCH: 351
  EXTRA_EPOCH: 0
  EXTRA_LR: 0.001
  FINETUNE: False
  FINETUNE_FILE: ../pretrained_models/ddrnet23s_kd_4255.pth
  FINETUNE_LR: 0.0005
  FLIP: True
  FREEZE_EPOCHS: -1
  FREEZE_LAYERS: 
  IGNORE_LABEL: 255
  IMAGE_SIZE: [1024, 512]
  KDA: ../pretrained_models/ddrnet23_citys_finetune_ACDC_5216.pth
  KD_FEATURE: False
  LR: 0.0005
  LR_FACTOR: 0.1
  LR_STEP: [60, 80]
  MOMENTUM: 0.9
  MULTI_SCALE: True
  NESTEROV: False
  NONBACKBONE_KEYWORDS: []
  NONBACKBONE_MULT: 10
  NUM_SAMPLES: 0
  OPTIMIZER: adam
  RANDOM_BRIGHTNESS: False
  RANDOM_BRIGHTNESS_SHIFT_VALUE: 10
  RESUME: False
  SCALE_FACTOR: 16
  SHUFFLE: True
  WD: 0.0002
WORKERS: 0
